Drill report for /github/workspace/output/pcbs/board.kicad_pcb
Created on Tue Apr 19 07:05:38 2022

Copper Layer Stackup:
    =============================================================
    L1 :  F.Cu                      front
    L2 :  B.Cu                      back


Drill file 'board.drl' contains
    plated through holes:
    =============================================================
    T1  0.40mm  0.016"  (27 holes)
    T2  0.90mm  0.035"  (8 holes)  (with 8 slots)
    T3  0.99mm  0.039"  (36 holes)
    T4  1.09mm  0.043"  (52 holes)
    T5  1.30mm  0.051"  (2 holes)

    Total plated holes count 125


Not plated through holes are merged with plated holes
    unplated through holes:
    =============================================================
    T6  0.90mm  0.035"  (4 holes)
    T7  1.20mm  0.047"  (4 holes)
    T8  1.70mm  0.067"  (36 holes)
    T9  3.00mm  0.118"  (72 holes)
    T10  3.43mm  0.135"  (18 holes)

    Total unplated holes count 134
